[2025-06-14 14:40:52,149: WARNING/MainProcess] /opt/venv/lib/python3.11/site-packages/celery/worker/consumer/consumer.py:507: CPendingDeprecationWarning: The broker_connection_retry configuration setting will no longer determine
whether broker connection retries are made during startup in Celery 6.0 and above.
If you wish to retain the existing behavior for retrying connections on startup,
you should set broker_connection_retry_on_startup to True.
  warnings.warn(

[2025-06-14 14:40:52,197: INFO/MainProcess] Connected to redis://redis:6379/2
[2025-06-14 14:40:52,201: WARNING/MainProcess] /opt/venv/lib/python3.11/site-packages/celery/worker/consumer/consumer.py:507: CPendingDeprecationWarning: The broker_connection_retry configuration setting will no longer determine
whether broker connection retries are made during startup in Celery 6.0 and above.
If you wish to retain the existing behavior for retrying connections on startup,
you should set broker_connection_retry_on_startup to True.
  warnings.warn(

[2025-06-14 14:40:52,205: INFO/MainProcess] mingle: searching for neighbors
[2025-06-14 14:40:53,261: INFO/MainProcess] mingle: all alone
[2025-06-14 14:40:53,278: INFO/MainProcess] worker@7940b493fb9d ready.
[2025-06-14 14:40:56,759: INFO/MainProcess] Events of group {task} enabled by remote.
[2025-06-14 15:12:15,150: WARNING/MainProcess] /opt/venv/lib/python3.11/site-packages/celery/worker/consumer/consumer.py:507: CPendingDeprecationWarning: The broker_connection_retry configuration setting will no longer determine
whether broker connection retries are made during startup in Celery 6.0 and above.
If you wish to retain the existing behavior for retrying connections on startup,
you should set broker_connection_retry_on_startup to True.
  warnings.warn(

[2025-06-14 15:12:15,175: INFO/MainProcess] Connected to redis://redis:6379/2
[2025-06-14 15:12:15,177: WARNING/MainProcess] /opt/venv/lib/python3.11/site-packages/celery/worker/consumer/consumer.py:507: CPendingDeprecationWarning: The broker_connection_retry configuration setting will no longer determine
whether broker connection retries are made during startup in Celery 6.0 and above.
If you wish to retain the existing behavior for retrying connections on startup,
you should set broker_connection_retry_on_startup to True.
  warnings.warn(

[2025-06-14 15:12:15,181: INFO/MainProcess] mingle: searching for neighbors
[2025-06-14 15:12:16,189: INFO/MainProcess] mingle: all alone
[2025-06-14 15:12:16,200: INFO/MainProcess] worker@9836ba8d2c22 ready.
[2025-06-14 15:12:19,817: INFO/MainProcess] Events of group {task} enabled by remote.
